  ProyectoFinal.cpp
C:\Users\lunab\Documents\Repositorio\314093790_Proyecto_Gpo08\ProyectoFinal\ProyectoFinal\ProyectoFinal.cpp(464,26): warning C4244: '=': conversión de 'double' a 'float'; posible pérdida de datos
C:\Users\lunab\Documents\Repositorio\314093790_Proyecto_Gpo08\ProyectoFinal\ProyectoFinal\ProyectoFinal.cpp(491,28): warning C4244: '=': conversión de 'double' a 'float'; posible pérdida de datos
C:\Users\lunab\Documents\Repositorio\314093790_Proyecto_Gpo08\ProyectoFinal\ProyectoFinal\ProyectoFinal.cpp(492,28): warning C4244: '=': conversión de 'double' a 'float'; posible pérdida de datos
C:\Users\lunab\Documents\Repositorio\314093790_Proyecto_Gpo08\ProyectoFinal\ProyectoFinal\ProyectoFinal.cpp(507,28): warning C4244: '=': conversión de 'double' a 'float'; posible pérdida de datos
C:\Users\lunab\Documents\Repositorio\314093790_Proyecto_Gpo08\ProyectoFinal\ProyectoFinal\ProyectoFinal.cpp(508,28): warning C4244: '=': conversión de 'double' a 'float'; posible pérdida de datos
C:\Users\lunab\Documents\Repositorio\314093790_Proyecto_Gpo08\ProyectoFinal\ProyectoFinal\ProyectoFinal.cpp(714,24): warning C4244: 'inicializando': conversión de 'double' a 'GLfloat'; posible pérdida de datos
C:\Users\lunab\Documents\Repositorio\314093790_Proyecto_Gpo08\ProyectoFinal\ProyectoFinal\ProyectoFinal.cpp(718,25): warning C4244: 'inicializando': conversión de 'double' a 'GLfloat'; posible pérdida de datos
C:\Users\lunab\Documents\Repositorio\314093790_Proyecto_Gpo08\ProyectoFinal\ProyectoFinal\ProyectoFinal.cpp(755,20): warning C4244: '=': conversión de 'double' a 'T'; posible pérdida de datos
          with
          [
              T=float
          ]
C:\Users\lunab\Documents\Repositorio\314093790_Proyecto_Gpo08\ProyectoFinal\ProyectoFinal\ProyectoFinal.cpp(756,20): warning C4244: '=': conversión de 'double' a 'T'; posible pérdida de datos
          with
          [
              T=float
          ]
C:\Users\lunab\Documents\Repositorio\314093790_Proyecto_Gpo08\ProyectoFinal\ProyectoFinal\ProyectoFinal.cpp(757,20): warning C4244: '=': conversión de 'double' a 'T'; posible pérdida de datos
          with
          [
              T=float
          ]
C:\Users\lunab\Documents\Repositorio\314093790_Proyecto_Gpo08\ProyectoFinal\ProyectoFinal\ProyectoFinal.cpp(772,22): warning C4244: '=': conversión de 'double' a 'T'; posible pérdida de datos
          with
          [
              T=float
          ]
C:\Users\lunab\Documents\Repositorio\314093790_Proyecto_Gpo08\ProyectoFinal\ProyectoFinal\ProyectoFinal.cpp(773,22): warning C4244: '=': conversión de 'double' a 'T'; posible pérdida de datos
          with
          [
              T=float
          ]
C:\Users\lunab\Documents\Repositorio\314093790_Proyecto_Gpo08\ProyectoFinal\ProyectoFinal\ProyectoFinal.cpp(774,22): warning C4244: '=': conversión de 'double' a 'T'; posible pérdida de datos
          with
          [
              T=float
          ]
C:\Users\lunab\Documents\Repositorio\314093790_Proyecto_Gpo08\ProyectoFinal\ProyectoFinal\ProyectoFinal.cpp(786,22): warning C4244: '=': conversión de 'double' a 'T'; posible pérdida de datos
          with
          [
              T=float
          ]
C:\Users\lunab\Documents\Repositorio\314093790_Proyecto_Gpo08\ProyectoFinal\ProyectoFinal\ProyectoFinal.cpp(787,22): warning C4244: '=': conversión de 'double' a 'T'; posible pérdida de datos
          with
          [
              T=float
          ]
C:\Users\lunab\Documents\Repositorio\314093790_Proyecto_Gpo08\ProyectoFinal\ProyectoFinal\ProyectoFinal.cpp(788,22): warning C4244: '=': conversión de 'double' a 'T'; posible pérdida de datos
          with
          [
              T=float
          ]
C:\Users\lunab\Documents\Repositorio\314093790_Proyecto_Gpo08\ProyectoFinal\ProyectoFinal\ProyectoFinal.cpp(799,22): warning C4244: '=': conversión de 'double' a 'T'; posible pérdida de datos
          with
          [
              T=float
          ]
C:\Users\lunab\Documents\Repositorio\314093790_Proyecto_Gpo08\ProyectoFinal\ProyectoFinal\ProyectoFinal.cpp(800,22): warning C4244: '=': conversión de 'double' a 'T'; posible pérdida de datos
          with
          [
              T=float
          ]
C:\Users\lunab\Documents\Repositorio\314093790_Proyecto_Gpo08\ProyectoFinal\ProyectoFinal\ProyectoFinal.cpp(801,22): warning C4244: '=': conversión de 'double' a 'T'; posible pérdida de datos
          with
          [
              T=float
          ]
C:\Users\lunab\Documents\Repositorio\314093790_Proyecto_Gpo08\ProyectoFinal\ProyectoFinal\ProyectoFinal.cpp(1483,11): warning C4244: '=': conversión de 'double' a 'GLfloat'; posible pérdida de datos
C:\Users\lunab\Documents\Repositorio\314093790_Proyecto_Gpo08\ProyectoFinal\ProyectoFinal\ProyectoFinal.cpp(1484,11): warning C4244: '=': conversión de 'double' a 'GLfloat'; posible pérdida de datos
C:\Users\lunab\Documents\Repositorio\314093790_Proyecto_Gpo08\ProyectoFinal\ProyectoFinal\ProyectoFinal.cpp(1488,18): warning C4244: 'inicializando': conversión de 'double' a 'GLfloat'; posible pérdida de datos
C:\Users\lunab\Documents\Repositorio\314093790_Proyecto_Gpo08\ProyectoFinal\ProyectoFinal\ProyectoFinal.cpp(1489,18): warning C4244: 'inicializando': conversión de 'double' a 'GLfloat'; posible pérdida de datos
C:\Users\lunab\Documents\Repositorio\314093790_Proyecto_Gpo08\ProyectoFinal\ProyectoFinal\ProyectoFinal.cpp(1491,10): warning C4244: '=': conversión de 'double' a 'GLfloat'; posible pérdida de datos
C:\Users\lunab\Documents\Repositorio\314093790_Proyecto_Gpo08\ProyectoFinal\ProyectoFinal\ProyectoFinal.cpp(1492,10): warning C4244: '=': conversión de 'double' a 'GLfloat'; posible pérdida de datos
  ProyectoFinal.vcxproj -> C:\Users\lunab\Documents\Repositorio\314093790_Proyecto_Gpo08\ProyectoFinal\Debug\ProyectoFinal.exe
